app/build/outputs/logs/manifest-merger-lite-debug-report.txt
-- Merging decision tree log ---
manifest
ADDED from src/main/AndroidManifest.xml:2:1-63:12
INJECTED from src/main/AndroidManifest.xml:2:1-63:12
INJECTED from src/main/AndroidManifest.xml:2:1-63:12
INJECTED from src/main/AndroidManifest.xml:2:1-63:12
MERGED from [com.google.vr:sdk-controller:1.130.0] AndroidManifest.xml:2:1-9:12
MERGED from [com.google.vr:sdk-base:1.130.0] AndroidManifest.xml:2:1-27:12
MERGED from [com.android.support:appcompat-v7:26.1.0] AndroidManifest.xml:17:1-31:12
MERGED from [com.android.support:cardview-v7:26.1.0] AndroidManifest.xml:17:1-28:12
MERGED from [com.android.support:recyclerview-v7:26.1.0] AndroidManifest.xml:17:1-28:12
MERGED from [com.google.android.gms:play-services-vision:12.0.0] AndroidManifest.xml:2:1-9:12
MERGED from [com.google.vr:sdk-common:1.130.0] AndroidManifest.xml:2:1-9:12
MERGED from [com.android.support:animated-vector-drawable:26.1.0] AndroidManifest.xml:17:1-28:12
MERGED from [com.android.support:support-vector-drawable:26.1.0] AndroidManifest.xml:17:1-28:12
MERGED from [com.google.android.gms:play-services-vision-common:12.0.0] AndroidManifest.xml:2:1-9:12
MERGED from [com.google.android.gms:play-services-base:12.0.0] AndroidManifest.xml:17:1-29:12
MERGED from [com.google.android.gms:play-services-tasks:12.0.0] AndroidManifest.xml:2:1-9:12
MERGED from [com.google.android.gms:play-services-basement:12.0.0] AndroidManifest.xml:17:1-28:12
MERGED from [com.android.support:support-v4:26.1.0] AndroidManifest.xml:17:1-31:12
MERGED from [com.android.support:support-fragment:26.1.0] AndroidManifest.xml:17:1-31:12
MERGED from [com.android.support:support-core-ui:26.1.0] AndroidManifest.xml:17:1-31:12
MERGED from [com.android.support:support-media-compat:26.1.0] AndroidManifest.xml:17:1-31:12
MERGED from [com.android.support:support-core-utils:26.1.0] AndroidManifest.xml:17:1-31:12
MERGED from [com.android.support:support-compat:26.1.0] AndroidManifest.xml:17:1-31:12
MERGED from [com.google.android.gms:play-services-vision-license:12.0.0] AndroidManifest.xml:2:1-8:12
MERGED from [android.arch.lifecycle:runtime:1.0.0] AndroidManifest.xml:17:1-30:12
MERGED from [com.google.android.gms:play-services-base-license:12.0.0] AndroidManifest.xml:2:1-8:12
MERGED from [com.google.android.gms:play-services-basement-license:12.0.0] AndroidManifest.xml:2:1-8:12
MERGED from [com.google.android.gms:play-services-vision-common-license:12.0.0] AndroidManifest.xml:2:1-8:12
MERGED from [com.google.android.gms:play-services-tasks-license:12.0.0] AndroidManifest.xml:2:1-8:12
INJECTED from src/main/AndroidManifest.xml:2:1-63:12
INJECTED from src/main/AndroidManifest.xml:2:1-63:12
INJECTED from src/main/AndroidManifest.xml:2:1-63:12
	package
		ADDED from src/main/AndroidManifest.xml:3:5-45
		INJECTED from src/main/AndroidManifest.xml
		INJECTED from src/main/AndroidManifest.xml
	android:versionName
		INJECTED from src/main/AndroidManifest.xml
		ADDED from src/main/AndroidManifest.xml:2:1-63:12
		INJECTED from src/main/AndroidManifest.xml
	android:versionCode
		INJECTED from src/main/AndroidManifest.xml
		ADDED from src/main/AndroidManifest.xml:2:1-63:12
		INJECTED from src/main/AndroidManifest.xml
	xmlns:android
		ADDED from src/main/AndroidManifest.xml:2:11-69
uses-permission#android.permission.NFC
ADDED from src/main/AndroidManifest.xml:5:5-62
	android:name
		ADDED from src/main/AndroidManifest.xml:5:22-59
uses-permission#android.permission.VIBRATE
ADDED from src/main/AndroidManifest.xml:6:5-66
	android:name
		ADDED from src/main/AndroidManifest.xml:6:22-63
uses-permission#android.permission.READ_EXTERNAL_STORAGE
ADDED from src/main/AndroidManifest.xml:7:5-80
MERGED from [com.google.vr:sdk-base:1.130.0] AndroidManifest.xml:15:5-80
MERGED from [com.google.vr:sdk-base:1.130.0] AndroidManifest.xml:15:5-80
	android:name
		ADDED from src/main/AndroidManifest.xml:7:22-77
uses-permission#android.permission.WRITE_EXTERNAL_STORAGE
ADDED from src/main/AndroidManifest.xml:8:5-81
MERGED from [com.google.vr:sdk-base:1.130.0] AndroidManifest.xml:16:5-81
MERGED from [com.google.vr:sdk-base:1.130.0] AndroidManifest.xml:16:5-81
	android:name
		ADDED from src/main/AndroidManifest.xml:8:22-78
uses-permission#android.permission.READ_PHONE_STATE
ADDED from src/main/AndroidManifest.xml:9:5-75
	android:name
		ADDED from src/main/AndroidManifest.xml:9:22-72
uses-permission#android.permission.CAMERA
ADDED from src/main/AndroidManifest.xml:10:5-65
	android:name
		ADDED from src/main/AndroidManifest.xml:10:22-62
uses-permission#android.permission.INTERNET
ADDED from src/main/AndroidManifest.xml:11:5-67
	android:name
		ADDED from src/main/AndroidManifest.xml:11:22-64
uses-feature#0x00020000
ADDED from src/main/AndroidManifest.xml:13:5-15:35
MERGED from [com.google.vr:sdk-base:1.130.0] AndroidManifest.xml:10:5-12:35
MERGED from [com.google.vr:sdk-base:1.130.0] AndroidManifest.xml:10:5-12:35
	android:glEsVersion
		ADDED from src/main/AndroidManifest.xml:14:9-41
	android:required
		ADDED from src/main/AndroidManifest.xml:15:9-32
uses-feature#android.hardware.sensor.accelerometer
ADDED from src/main/AndroidManifest.xml:17:5-97
	android:required
		ADDED from src/main/AndroidManifest.xml:17:72-95
	android:name
		ADDED from src/main/AndroidManifest.xml:17:19-71
uses-feature#android.hardware.sensor.gyroscope
ADDED from src/main/AndroidManifest.xml:18:5-93
	android:required
		ADDED from src/main/AndroidManifest.xml:18:68-91
	android:name
		ADDED from src/main/AndroidManifest.xml:18:19-67
application
ADDED from src/main/AndroidManifest.xml:20:5-61:19
MERGED from [com.android.support:appcompat-v7:26.1.0] AndroidManifest.xml:25:5-29:19
MERGED from [com.android.support:appcompat-v7:26.1.0] AndroidManifest.xml:25:5-29:19
MERGED from [com.android.support:cardview-v7:26.1.0] AndroidManifest.xml:22:5-26:19
MERGED from [com.android.support:cardview-v7:26.1.0] AndroidManifest.xml:22:5-26:19
MERGED from [com.android.support:recyclerview-v7:26.1.0] AndroidManifest.xml:22:5-26:19
MERGED from [com.android.support:recyclerview-v7:26.1.0] AndroidManifest.xml:22:5-26:19
MERGED from [com.google.android.gms:play-services-vision:12.0.0] AndroidManifest.xml:7:5-20
MERGED from [com.google.android.gms:play-services-vision:12.0.0] AndroidManifest.xml:7:5-20
MERGED from [com.android.support:animated-vector-drawable:26.1.0] AndroidManifest.xml:22:5-26:19
MERGED from [com.android.support:animated-vector-drawable:26.1.0] AndroidManifest.xml:22:5-26:19
MERGED from [com.android.support:support-vector-drawable:26.1.0] AndroidManifest.xml:22:5-26:19
MERGED from [com.android.support:support-vector-drawable:26.1.0] AndroidManifest.xml:22:5-26:19
MERGED from [com.google.android.gms:play-services-vision-common:12.0.0] AndroidManifest.xml:7:5-20
MERGED from [com.google.android.gms:play-services-vision-common:12.0.0] AndroidManifest.xml:7:5-20
MERGED from [com.google.android.gms:play-services-base:12.0.0] AndroidManifest.xml:22:5-27:19
MERGED from [com.google.android.gms:play-services-base:12.0.0] AndroidManifest.xml:22:5-27:19
MERGED from [com.google.android.gms:play-services-tasks:12.0.0] AndroidManifest.xml:7:5-20
MERGED from [com.google.android.gms:play-services-tasks:12.0.0] AndroidManifest.xml:7:5-20
MERGED from [com.google.android.gms:play-services-basement:12.0.0] AndroidManifest.xml:22:5-26:19
MERGED from [com.google.android.gms:play-services-basement:12.0.0] AndroidManifest.xml:22:5-26:19
MERGED from [com.android.support:support-v4:26.1.0] AndroidManifest.xml:25:5-29:19
MERGED from [com.android.support:support-v4:26.1.0] AndroidManifest.xml:25:5-29:19
MERGED from [com.android.support:support-fragment:26.1.0] AndroidManifest.xml:25:5-29:19
MERGED from [com.android.support:support-fragment:26.1.0] AndroidManifest.xml:25:5-29:19
MERGED from [com.android.support:support-core-ui:26.1.0] AndroidManifest.xml:25:5-29:19
MERGED from [com.android.support:support-core-ui:26.1.0] AndroidManifest.xml:25:5-29:19
MERGED from [com.android.support:support-media-compat:26.1.0] AndroidManifest.xml:25:5-29:19
MERGED from [com.android.support:support-media-compat:26.1.0] AndroidManifest.xml:25:5-29:19
MERGED from [com.android.support:support-core-utils:26.1.0] AndroidManifest.xml:25:5-29:19
MERGED from [com.android.support:support-core-utils:26.1.0] AndroidManifest.xml:25:5-29:19
MERGED from [com.android.support:support-compat:26.1.0] AndroidManifest.xml:25:5-29:19
MERGED from [com.android.support:support-compat:26.1.0] AndroidManifest.xml:25:5-29:19
MERGED from [com.google.android.gms:play-services-vision-license:12.0.0] AndroidManifest.xml:5:5-6:19
MERGED from [com.google.android.gms:play-services-vision-license:12.0.0] AndroidManifest.xml:5:5-6:19
MERGED from [android.arch.lifecycle:runtime:1.0.0] AndroidManifest.xml:24:5-28:19
MERGED from [android.arch.lifecycle:runtime:1.0.0] AndroidManifest.xml:24:5-28:19
MERGED from [com.google.android.gms:play-services-base-license:12.0.0] AndroidManifest.xml:5:5-6:19
MERGED from [com.google.android.gms:play-services-base-license:12.0.0] AndroidManifest.xml:5:5-6:19
MERGED from [com.google.android.gms:play-services-basement-license:12.0.0] AndroidManifest.xml:5:5-6:19
MERGED from [com.google.android.gms:play-services-basement-license:12.0.0] AndroidManifest.xml:5:5-6:19
MERGED from [com.google.android.gms:play-services-vision-common-license:12.0.0] AndroidManifest.xml:5:5-6:19
MERGED from [com.google.android.gms:play-services-vision-common-license:12.0.0] AndroidManifest.xml:5:5-6:19
MERGED from [com.google.android.gms:play-services-tasks-license:12.0.0] AndroidManifest.xml:5:5-6:19
MERGED from [com.google.android.gms:play-services-tasks-license:12.0.0] AndroidManifest.xml:5:5-6:19
	android:label
		ADDED from src/main/AndroidManifest.xml:22:9-41
	android:allowBackup
		ADDED from src/main/AndroidManifest.xml:21:9-35
	android:theme
		ADDED from src/main/AndroidManifest.xml:23:9-40
activity#se.chai.cardboardremotedesktop.MainActivity
ADDED from src/main/AndroidManifest.xml:24:9-33:20
	android:label
		ADDED from src/main/AndroidManifest.xml:26:13-45
	android:name
		ADDED from src/main/AndroidManifest.xml:25:13-41
intent-filter#action:name:android.intent.action.MAIN+category:name:android.intent.category.LAUNCHER+category:name:com.google.intent.category.CARDBOARD
ADDED from src/main/AndroidManifest.xml:27:13-32:29
action#android.intent.action.MAIN
ADDED from src/main/AndroidManifest.xml:28:17-69
	android:name
		ADDED from src/main/AndroidManifest.xml:28:25-66
category#android.intent.category.LAUNCHER
ADDED from src/main/AndroidManifest.xml:30:17-77
	android:name
		ADDED from src/main/AndroidManifest.xml:30:27-74
category#com.google.intent.category.CARDBOARD
ADDED from src/main/AndroidManifest.xml:31:17-81
	android:name
		ADDED from src/main/AndroidManifest.xml:31:27-78
activity#se.chai.cardboardremotedesktop.EditActivity
ADDED from src/main/AndroidManifest.xml:34:9-40:20
	android:label
		ADDED from src/main/AndroidManifest.xml:36:13-56
	android:name
		ADDED from src/main/AndroidManifest.xml:35:13-41
meta-data#android.support.PARENT_ACTIVITY
ADDED from src/main/AndroidManifest.xml:37:13-39:79
	android:value
		ADDED from src/main/AndroidManifest.xml:39:17-76
	android:name
		ADDED from src/main/AndroidManifest.xml:38:17-63
activity#se.chai.cardboardremotedesktop.DisplayActivity
ADDED from src/main/AndroidManifest.xml:41:9-53:20
	android:screenOrientation
		ADDED from src/main/AndroidManifest.xml:46:13-50
	android:label
		ADDED from src/main/AndroidManifest.xml:44:13-45
	android:enableVrMode
		ADDED from src/main/AndroidManifest.xml:45:13-65
	android:configChanges
		ADDED from src/main/AndroidManifest.xml:43:13-92
	android:name
		ADDED from src/main/AndroidManifest.xml:42:13-44
intent-filter#action:name:android.intent.action.MAIN+category:name:android.intent.category.LAUNCHER+category:name:com.google.intent.category.CARDBOARD+category:name:com.google.intent.category.DAYDREAM
ADDED from src/main/AndroidManifest.xml:47:13-52:29
category#com.google.intent.category.DAYDREAM
ADDED from src/main/AndroidManifest.xml:50:17-80
	android:name
		ADDED from src/main/AndroidManifest.xml:50:27-77
activity#se.chai.cardboardremotedesktop.SettingsActivity
ADDED from src/main/AndroidManifest.xml:54:9-60:20
	android:label
		ADDED from src/main/AndroidManifest.xml:56:13-63
	android:name
		ADDED from src/main/AndroidManifest.xml:55:13-45
uses-sdk
INJECTED from src/main/AndroidManifest.xml reason: use-sdk injection requested
INJECTED from src/main/AndroidManifest.xml
INJECTED from src/main/AndroidManifest.xml
MERGED from [com.google.vr:sdk-controller:1.130.0] AndroidManifest.xml:5:5-7:41
MERGED from [com.google.vr:sdk-controller:1.130.0] AndroidManifest.xml:5:5-7:41
MERGED from [com.google.vr:sdk-base:1.130.0] AndroidManifest.xml:6:5-8:41
MERGED from [com.google.vr:sdk-base:1.130.0] AndroidManifest.xml:6:5-8:41
MERGED from [com.android.support:appcompat-v7:26.1.0] AndroidManifest.xml:21:5-23:78
MERGED from [com.android.support:appcompat-v7:26.1.0] AndroidManifest.xml:21:5-23:78
MERGED from [com.android.support:cardview-v7:26.1.0] AndroidManifest.xml:20:5-44
MERGED from [com.android.support:cardview-v7:26.1.0] AndroidManifest.xml:20:5-44
MERGED from [com.android.support:recyclerview-v7:26.1.0] AndroidManifest.xml:20:5-44
MERGED from [com.android.support:recyclerview-v7:26.1.0] AndroidManifest.xml:20:5-44
MERGED from [com.google.android.gms:play-services-vision:12.0.0] AndroidManifest.xml:5:5-44
MERGED from [com.google.android.gms:play-services-vision:12.0.0] AndroidManifest.xml:5:5-44
MERGED from [com.google.vr:sdk-common:1.130.0] AndroidManifest.xml:5:5-7:41
MERGED from [com.google.vr:sdk-common:1.130.0] AndroidManifest.xml:5:5-7:41
MERGED from [com.android.support:animated-vector-drawable:26.1.0] AndroidManifest.xml:20:5-44
MERGED from [com.android.support:animated-vector-drawable:26.1.0] AndroidManifest.xml:20:5-44
MERGED from [com.android.support:support-vector-drawable:26.1.0] AndroidManifest.xml:20:5-44
MERGED from [com.android.support:support-vector-drawable:26.1.0] AndroidManifest.xml:20:5-44
MERGED from [com.google.android.gms:play-services-vision-common:12.0.0] AndroidManifest.xml:5:5-44
MERGED from [com.google.android.gms:play-services-vision-common:12.0.0] AndroidManifest.xml:5:5-44
MERGED from [com.google.android.gms:play-services-base:12.0.0] AndroidManifest.xml:20:5-44
MERGED from [com.google.android.gms:play-services-base:12.0.0] AndroidManifest.xml:20:5-44
MERGED from [com.google.android.gms:play-services-tasks:12.0.0] AndroidManifest.xml:5:5-44
MERGED from [com.google.android.gms:play-services-tasks:12.0.0] AndroidManifest.xml:5:5-44
MERGED from [com.google.android.gms:play-services-basement:12.0.0] AndroidManifest.xml:20:5-44
MERGED from [com.google.android.gms:play-services-basement:12.0.0] AndroidManifest.xml:20:5-44
MERGED from [com.android.support:support-v4:26.1.0] AndroidManifest.xml:21:5-23:54
MERGED from [com.android.support:support-v4:26.1.0] AndroidManifest.xml:21:5-23:54
MERGED from [com.android.support:support-fragment:26.1.0] AndroidManifest.xml:21:5-23:60
MERGED from [com.android.support:support-fragment:26.1.0] AndroidManifest.xml:21:5-23:60
MERGED from [com.android.support:support-core-ui:26.1.0] AndroidManifest.xml:21:5-23:58
MERGED from [com.android.support:support-core-ui:26.1.0] AndroidManifest.xml:21:5-23:58
MERGED from [com.android.support:support-media-compat:26.1.0] AndroidManifest.xml:21:5-23:63
MERGED from [com.android.support:support-media-compat:26.1.0] AndroidManifest.xml:21:5-23:63
MERGED from [com.android.support:support-core-utils:26.1.0] AndroidManifest.xml:21:5-23:61
MERGED from [com.android.support:support-core-utils:26.1.0] AndroidManifest.xml:21:5-23:61
MERGED from [com.android.support:support-compat:26.1.0] AndroidManifest.xml:21:5-23:58
MERGED from [com.android.support:support-compat:26.1.0] AndroidManifest.xml:21:5-23:58
MERGED from [android.arch.lifecycle:runtime:1.0.0] AndroidManifest.xml:20:5-22:41
MERGED from [android.arch.lifecycle:runtime:1.0.0] AndroidManifest.xml:20:5-22:41
INJECTED from src/main/AndroidManifest.xml
INJECTED from src/main/AndroidManifest.xml
	tools:overrideLibrary
		ADDED from [com.android.support:appcompat-v7:26.1.0] AndroidManifest.xml:23:9-75
	android:targetSdkVersion
		INJECTED from src/main/AndroidManifest.xml
		ADDED from src/main/AndroidManifest.xml
		INJECTED from src/main/AndroidManifest.xml
	android:minSdkVersion
		INJECTED from src/main/AndroidManifest.xml
		ADDED from src/main/AndroidManifest.xml
		INJECTED from src/main/AndroidManifest.xml
uses-feature#android.software.vr.mode
ADDED from [com.google.vr:sdk-base:1.130.0] AndroidManifest.xml:19:5-21:36
	android:required
		ADDED from [com.google.vr:sdk-base:1.130.0] AndroidManifest.xml:21:9-33
	android:name
		ADDED from [com.google.vr:sdk-base:1.130.0] AndroidManifest.xml:20:9-48
uses-feature#android.hardware.vr.high_performance
ADDED from [com.google.vr:sdk-base:1.130.0] AndroidManifest.xml:23:5-25:36
	android:required
		ADDED from [com.google.vr:sdk-base:1.130.0] AndroidManifest.xml:25:9-33
	android:name
		ADDED from [com.google.vr:sdk-base:1.130.0] AndroidManifest.xml:24:9-60
meta-data#android.support.VERSION
ADDED from [com.android.support:appcompat-v7:26.1.0] AndroidManifest.xml:26:9-28:38
MERGED from [com.android.support:cardview-v7:26.1.0] AndroidManifest.xml:23:9-25:38
MERGED from [com.android.support:cardview-v7:26.1.0] AndroidManifest.xml:23:9-25:38
MERGED from [com.android.support:recyclerview-v7:26.1.0] AndroidManifest.xml:23:9-25:38
MERGED from [com.android.support:recyclerview-v7:26.1.0] AndroidManifest.xml:23:9-25:38
MERGED from [com.android.support:animated-vector-drawable:26.1.0] AndroidManifest.xml:23:9-25:38
MERGED from [com.android.support:animated-vector-drawable:26.1.0] AndroidManifest.xml:23:9-25:38
MERGED from [com.android.support:support-vector-drawable:26.1.0] AndroidManifest.xml:23:9-25:38
MERGED from [com.android.support:support-vector-drawable:26.1.0] AndroidManifest.xml:23:9-25:38
MERGED from [com.android.support:support-v4:26.1.0] AndroidManifest.xml:26:9-28:38
MERGED from [com.android.support:support-v4:26.1.0] AndroidManifest.xml:26:9-28:38
MERGED from [com.android.support:support-fragment:26.1.0] AndroidManifest.xml:26:9-28:38
MERGED from [com.android.support:support-fragment:26.1.0] AndroidManifest.xml:26:9-28:38
MERGED from [com.android.support:support-core-ui:26.1.0] AndroidManifest.xml:26:9-28:38
MERGED from [com.android.support:support-core-ui:26.1.0] AndroidManifest.xml:26:9-28:38
MERGED from [com.android.support:support-media-compat:26.1.0] AndroidManifest.xml:26:9-28:38
MERGED from [com.android.support:support-media-compat:26.1.0] AndroidManifest.xml:26:9-28:38
MERGED from [com.android.support:support-core-utils:26.1.0] AndroidManifest.xml:26:9-28:38
MERGED from [com.android.support:support-core-utils:26.1.0] AndroidManifest.xml:26:9-28:38
MERGED from [com.android.support:support-compat:26.1.0] AndroidManifest.xml:26:9-28:38
MERGED from [com.android.support:support-compat:26.1.0] AndroidManifest.xml:26:9-28:38
	android:value
		ADDED from [com.android.support:appcompat-v7:26.1.0] AndroidManifest.xml:28:13-35
	android:name
		ADDED from [com.android.support:appcompat-v7:26.1.0] AndroidManifest.xml:27:13-51
activity#com.google.android.gms.common.api.GoogleApiActivity
ADDED from [com.google.android.gms:play-services-base:12.0.0] AndroidManifest.xml:23:9-26:75
	android:exported
		ADDED from [com.google.android.gms:play-services-base:12.0.0] AndroidManifest.xml:25:13-37
	android:theme
		ADDED from [com.google.android.gms:play-services-base:12.0.0] AndroidManifest.xml:26:13-72
	android:name
		ADDED from [com.google.android.gms:play-services-base:12.0.0] AndroidManifest.xml:24:13-79
meta-data#com.google.android.gms.version
ADDED from [com.google.android.gms:play-services-basement:12.0.0] AndroidManifest.xml:23:9-25:69
	android:value
		ADDED from [com.google.android.gms:play-services-basement:12.0.0] AndroidManifest.xml:25:13-66
	android:name
		ADDED from [com.google.android.gms:play-services-basement:12.0.0] AndroidManifest.xml:24:13-58
meta-data#android.arch.lifecycle.VERSION
ADDED from [android.arch.lifecycle:runtime:1.0.0] AndroidManifest.xml:25:9-27:47
	android:value
		ADDED from [android.arch.lifecycle:runtime:1.0.0] AndroidManifest.xml:27:13-44
	android:name
		ADDED from [android.arch.lifecycle:runtime:1.0.0] AndroidManifest.xml:26:13-58